#
# There is insufficient memory for the Java Runtime Environment to continue.
# Native memory allocation (malloc) failed to allocate 32744 bytes for ChunkPool::allocate
# Possible reasons:
#   The system is out of physical RAM or swap space
#   The process is running with CompressedOops enabled, and the Java Heap may be blocking the growth of the native heap
# Possible solutions:
#   Reduce memory load on the system
#   Increase physical memory or swap space
#   Check if swap backing store is full
#   Decrease Java heap size (-Xmx/-Xms)
#   Decrease number of Java threads
#   Decrease Java thread stack sizes (-Xss)
#   Set larger code cache with -XX:ReservedCodeCacheSize=
#   JVM is running with Unscaled Compressed Oops mode in which the Java heap is
#     placed in the first 4GB address space. The Java Heap base address is the
#     maximum limit for the native heap growth. Please use -XX:HeapBaseMinAddress
#     to set the Java Heap base and to place the Java Heap above 4GB virtual address.
# This output file may be truncated or incomplete.
#
#  Out of Memory Error (allocation.cpp:272), pid=14192, tid=0x0000000000003264
#
# JRE version: Java(TM) SE Runtime Environment (8.0_251-b08) (build 1.8.0_251-b08)
# Java VM: Java HotSpot(TM) 64-Bit Server VM (25.251-b08 mixed mode windows-amd64 compressed oops)
# Failed to write core dump. Minidumps are not enabled by default on client versions of Windows
#

---------------  T H R E A D  ---------------

Current thread (0x000000001944f000):  JavaThread "C1 CompilerThread3" daemon [_thread_in_native, id=12900, stack(0x000000001a010000,0x000000001a110000)]

Stack: [0x000000001a010000,0x000000001a110000]
[error occurred during error reporting (printing stack bounds), id 0xc0000005]

Native frames: (J=compiled Java code, j=interpreted, Vv=VM code, C=native code)


Current CompileTask:
C1:  10412  938   !   3       java.awt.DefaultKeyboardFocusManager::dispatchEvent (1645 bytes)


---------------  P R O C E S S  ---------------

Java Threads: ( => current thread )
  0x000000001a5d3000 JavaThread "TimerQueue" daemon [_thread_blocked, id=13172, stack(0x000000001c5a0000,0x000000001c6a0000)]
  0x00000000023de000 JavaThread "DestroyJavaVM" [_thread_blocked, id=15824, stack(0x00000000024e0000,0x00000000025e0000)]
  0x000000001a546800 JavaThread "AWT-EventQueue-0" [_thread_blocked, id=13064, stack(0x000000001b910000,0x000000001ba10000)]
  0x000000001a4e0800 JavaThread "AWT-Windows" daemon [_thread_in_native, id=1392, stack(0x000000001af20000,0x000000001b020000)]
  0x000000001a4d9800 JavaThread "AWT-Shutdown" [_thread_blocked, id=12912, stack(0x000000001ae20000,0x000000001af20000)]
  0x000000001a4d8800 JavaThread "Java2D Disposer" daemon [_thread_blocked, id=11332, stack(0x000000001ac50000,0x000000001ad50000)]
  0x0000000019454800 JavaThread "Service Thread" daemon [_thread_blocked, id=4100, stack(0x000000001a110000,0x000000001a210000)]
=>0x000000001944f000 JavaThread "C1 CompilerThread3" daemon [_thread_in_native, id=12900, stack(0x000000001a010000,0x000000001a110000)]
  0x0000000019448800 JavaThread "C2 CompilerThread2" daemon [_thread_blocked, id=17000, stack(0x0000000019f10000,0x000000001a010000)]
  0x0000000019448000 JavaThread "C2 CompilerThread1" daemon [_thread_blocked, id=1108, stack(0x0000000019e10000,0x0000000019f10000)]
  0x0000000019444000 JavaThread "C2 CompilerThread0" daemon [_thread_blocked, id=1444, stack(0x0000000019d10000,0x0000000019e10000)]
  0x0000000019442000 JavaThread "Attach Listener" daemon [_thread_blocked, id=5156, stack(0x0000000019c10000,0x0000000019d10000)]
  0x0000000019441000 JavaThread "Signal Dispatcher" daemon [_thread_blocked, id=4668, stack(0x0000000019b10000,0x0000000019c10000)]
  0x000000001761e000 JavaThread "Finalizer" daemon [_thread_blocked, id=8252, stack(0x0000000019910000,0x0000000019a10000)]
  0x0000000019430800 JavaThread "Reference Handler" daemon [_thread_blocked, id=16124, stack(0x0000000019810000,0x0000000019910000)]

Other Threads:
  0x0000000017618800 VMThread [stack: 0x0000000019310000,0x0000000019410000] [id=13412]
  0x0000000019455000 WatcherThread [stack: 0x000000001a210000,0x000000001a310000] [id=1332]

VM state:not at safepoint (normal execution)

VM Mutex/Monitor currently owned by a thread: None

heap address: 0x0000000082000000, size: 2016 MB, Compressed Oops mode: 32-bit
Narrow klass base: 0x0000000000000000, Narrow klass shift: 3
Compressed class space size: 1073741824 Address: 0x0000000100000000

Heap:
 PSYoungGen      total 37888K, used 20962K [0x00000000d6000000, 0x00000000d8a00000, 0x0000000100000000)
  eden space 32768K, 63% used [0x00000000d6000000,0x00000000d7478858,0x00000000d8000000)
  from space 5120K, 0% used [0x00000000d8500000,0x00000000d8500000,0x00000000d8a00000)
  to   space 5120K, 0% used [0x00000000d8000000,0x00000000d8000000,0x00000000d8500000)
 ParOldGen       total 86016K, used 0K [0x0000000082000000, 0x0000000087400000, 0x00000000d6000000)
  object space 86016K, 0% used [0x0000000082000000,0x0000000082000000,0x0000000087400000)
 Metaspace       used 11153K, capacity 11400K, committed 11520K, reserved 1058816K
  class space    used 1373K, capacity 1448K, committed 1536K, reserved 1048576K

Card table byte_map: [0x0000000011aa0000,0x0000000011ea0000] byte_map_base: 0x0000000011690000

Marking Bits: (ParMarkBitMap*) 0x00000000525caf90
 Begin Bits: [0x0000000012940000, 0x00000000148c0000)
 End Bits:   [0x00000000148c0000, 0x0000000016840000)

Polling page: 0x0000000000ab0000

CodeCache: size=245760Kb used=3427Kb max_used=3427Kb free=242332Kb
 bounds [0x00000000026e0000, 0x0000000002a40000, 0x00000000116e0000]
 total_blobs=1411 nmethods=937 adapters=386
 compilation: enabled

Compilation events (10 events):
Event: 9.704 Thread 0x000000001944f000 nmethod 933 0x0000000002a37250 code [0x0000000002a37460, 0x0000000002a37da8]
Event: 9.719 Thread 0x000000001944f000  934       3       java.awt.EventQueue$4::run (5 bytes)
Event: 9.720 Thread 0x000000001944f000 nmethod 934 0x0000000002a382d0 code [0x0000000002a384c0, 0x0000000002a38b78]
Event: 9.720 Thread 0x000000001944f000  935       3       java.awt.EventQueue$4::run (19 bytes)
Event: 9.720 Thread 0x000000001944f000 nmethod 935 0x0000000002a39010 code [0x0000000002a39200, 0x0000000002a39838]
Event: 9.999 Thread 0x000000001944f000  936       3       java.util.concurrent.locks.AbstractQueuedSynchronizer$Node::predecessor (19 bytes)
Event: 10.000 Thread 0x000000001944f000 nmethod 936 0x0000000002a39c10 code [0x0000000002a39d80, 0x0000000002a39fc8]
Event: 10.361 Thread 0x000000001944f000  937       3       sun.awt.SunToolkit::isTouchKeyboardAutoShowEnabled (4 bytes)
Event: 10.361 Thread 0x000000001944f000 nmethod 937 0x0000000002a3a090 code [0x0000000002a3a1e0, 0x0000000002a3a330]
Event: 10.362 Thread 0x000000001944f000  938   !   3       java.awt.DefaultKeyboardFocusManager::dispatchEvent (1645 bytes)

GC Heap History (0 events):
No events

Deoptimization events (10 events):
Event: 3.704 Thread 0x000000001a546800 Uncommon trap: reason=bimorphic action=maybe_recompile pc=0x0000000002907c08 method=java.util.HashMap.getNode(ILjava/lang/Object;)Ljava/util/HashMap$Node; @ 126
Event: 3.704 Thread 0x000000001a546800 Uncommon trap: reason=bimorphic action=maybe_recompile pc=0x0000000002907c08 method=java.util.HashMap.getNode(ILjava/lang/Object;)Ljava/util/HashMap$Node; @ 126
Event: 3.704 Thread 0x000000001a546800 Uncommon trap: reason=bimorphic action=maybe_recompile pc=0x0000000002907c08 method=java.util.HashMap.getNode(ILjava/lang/Object;)Ljava/util/HashMap$Node; @ 126
Event: 3.704 Thread 0x000000001a546800 Uncommon trap: reason=bimorphic action=maybe_recompile pc=0x00000000028efb44 method=java.util.HashMap.getNode(ILjava/lang/Object;)Ljava/util/HashMap$Node; @ 126
Event: 3.708 Thread 0x000000001a546800 Uncommon trap: reason=unstable_if action=reinterpret pc=0x000000000292632c method=java.util.HashMap.getNode(ILjava/lang/Object;)Ljava/util/HashMap$Node; @ 62
Event: 3.807 Thread 0x000000001a546800 Uncommon trap: reason=class_check action=maybe_recompile pc=0x000000000284e994 method=java.lang.String.equals(Ljava/lang/Object;)Z @ 8
Event: 3.807 Thread 0x000000001a546800 Uncommon trap: reason=class_check action=maybe_recompile pc=0x000000000284e994 method=java.lang.String.equals(Ljava/lang/Object;)Z @ 8
Event: 5.170 Thread 0x000000001a546800 Uncommon trap: reason=class_check action=maybe_recompile pc=0x000000000284e994 method=java.lang.String.equals(Ljava/lang/Object;)Z @ 8
Event: 5.170 Thread 0x000000001a546800 Uncommon trap: reason=class_check action=maybe_recompile pc=0x000000000284e994 method=java.lang.String.equals(Ljava/lang/Object;)Z @ 8
Event: 9.484 Thread 0x000000001a546800 Uncommon trap: reason=unstable_if action=reinterpret pc=0x00000000029cccec method=java.awt.datatransfer.DataFlavor.equals(Ljava/awt/datatransfer/DataFlavor;)Z @ 133

Classes redefined (0 events):
No events

Internal exceptions (10 events):
Event: 0.042 Thread 0x00000000023de000 Exception <a 'java/lang/NoSuchMethodError': Method sun.misc.Unsafe.defineClass(Ljava/lang/String;[BII)Ljava/lang/Class; name or signature does not match> (0x00000000d6007cc0) thrown at [C:\jenkins\workspace\8-2-build-windows-amd64-cygwin\jdk8u251\737\hots
Event: 0.042 Thread 0x00000000023de000 Exception <a 'java/lang/NoSuchMethodError': Method sun.misc.Unsafe.prefetchRead(Ljava/lang/Object;J)V name or signature does not match> (0x00000000d6007fa8) thrown at [C:\jenkins\workspace\8-2-build-windows-amd64-cygwin\jdk8u251\737\hotspot\src\share\vm\p
Event: 0.133 Thread 0x00000000023de000 Exception <a 'java/security/PrivilegedActionException'> (0x00000000d6087de0) thrown at [C:\jenkins\workspace\8-2-build-windows-amd64-cygwin\jdk8u251\737\hotspot\src\share\vm\prims\jvm.cpp, line 1502]
Event: 0.133 Thread 0x00000000023de000 Exception <a 'java/security/PrivilegedActionException'> (0x00000000d6087ff0) thrown at [C:\jenkins\workspace\8-2-build-windows-amd64-cygwin\jdk8u251\737\hotspot\src\share\vm\prims\jvm.cpp, line 1502]
Event: 0.135 Thread 0x00000000023de000 Exception <a 'java/security/PrivilegedActionException'> (0x00000000d608bf00) thrown at [C:\jenkins\workspace\8-2-build-windows-amd64-cygwin\jdk8u251\737\hotspot\src\share\vm\prims\jvm.cpp, line 1502]
Event: 0.135 Thread 0x00000000023de000 Exception <a 'java/security/PrivilegedActionException'> (0x00000000d608c110) thrown at [C:\jenkins\workspace\8-2-build-windows-amd64-cygwin\jdk8u251\737\hotspot\src\share\vm\prims\jvm.cpp, line 1502]
Event: 0.178 Thread 0x00000000023de000 Exception <a 'java/io/FileNotFoundException'> (0x00000000d6092c20) thrown at [C:\jenkins\workspace\8-2-build-windows-amd64-cygwin\jdk8u251\737\hotspot\src\share\vm\prims\jni.cpp, line 710]
Event: 0.229 Thread 0x00000000023de000 Exception <a 'java/lang/NoSuchFieldError': method resolution failed> (0x00000000d62073c8) thrown at [C:\jenkins\workspace\8-2-build-windows-amd64-cygwin\jdk8u251\737\hotspot\src\share\vm\prims\methodHandles.cpp, line 1167]
Event: 0.238 Thread 0x00000000023de000 Exception <a 'java/lang/NoSuchFieldError': method resolution failed> (0x00000000d6214718) thrown at [C:\jenkins\workspace\8-2-build-windows-amd64-cygwin\jdk8u251\737\hotspot\src\share\vm\prims\methodHandles.cpp, line 1167]
Event: 0.291 Thread 0x00000000023de000 Exception <a 'java/io/FileNotFoundException'> (0x00000000d62aecd8) thrown at [C:\jenkins\workspace\8-2-build-windows-amd64-cygwin\jdk8u251\737\hotspot\src\share\vm\prims\jni.cpp, line 710]

Events (10 events):
Event: 5.169 loading class javax/swing/text/GapContent$UndoPosRef done
Event: 5.170 Thread 0x000000001a546800 Uncommon trap: trap_request=0xffffffde fr.pc=0x000000000284e994
Event: 5.170 Thread 0x000000001a546800 DEOPT PACKING pc=0x000000000284e994 sp=0x000000001ba0cc20
Event: 5.170 Thread 0x000000001a546800 DEOPT UNPACKING pc=0x000000000272583b sp=0x000000001ba0cbb0 mode 2
Event: 5.170 Thread 0x000000001a546800 Uncommon trap: trap_request=0xffffffde fr.pc=0x000000000284e994
Event: 5.170 Thread 0x000000001a546800 DEOPT PACKING pc=0x000000000284e994 sp=0x000000001ba0cc20
Event: 5.170 Thread 0x000000001a546800 DEOPT UNPACKING pc=0x000000000272583b sp=0x000000001ba0cbb0 mode 2
Event: 9.484 Thread 0x000000001a546800 Uncommon trap: trap_request=0xffffff65 fr.pc=0x00000000029cccec
Event: 9.484 Thread 0x000000001a546800 DEOPT PACKING pc=0x00000000029cccec sp=0x000000001ba0ae30
Event: 9.484 Thread 0x000000001a546800 DEOPT UNPACKING pc=0x000000000272583b sp=0x000000001ba0aca8 mode 2


Dynamic libraries:
0x00007ff644780000 - 0x00007ff6447b7000 	C:\Program Files\Java\jdk1.8.0_251\bin\java.exe
0x00007fff16530000 - 0x00007fff16725000 	C:\WINDOWS\SYSTEM32\ntdll.dll
0x00007fff14770000 - 0x00007fff1482d000 	C:\WINDOWS\System32\KERNEL32.DLL
0x00007fff14170000 - 0x00007fff14439000 	C:\WINDOWS\System32\KERNELBASE.dll
0x00007fff160a0000 - 0x00007fff1614c000 	C:\WINDOWS\System32\ADVAPI32.dll
0x00007fff161d0000 - 0x00007fff1626e000 	C:\WINDOWS\System32\msvcrt.dll
0x00007fff162d0000 - 0x00007fff1636c000 	C:\WINDOWS\System32\sechost.dll
0x00007fff157a0000 - 0x00007fff158cb000 	C:\WINDOWS\System32\RPCRT4.dll
0x00007fff14830000 - 0x00007fff149d0000 	C:\WINDOWS\System32\USER32.dll
0x00007fff13d20000 - 0x00007fff13d42000 	C:\WINDOWS\System32\win32u.dll
0x00007fff16370000 - 0x00007fff1639a000 	C:\WINDOWS\System32\GDI32.dll
0x00007fff13d50000 - 0x00007fff13e5b000 	C:\WINDOWS\System32\gdi32full.dll
0x00007fff144f0000 - 0x00007fff1458d000 	C:\WINDOWS\System32\msvcp_win.dll
0x00007fff13eb0000 - 0x00007fff13fb0000 	C:\WINDOWS\System32\ucrtbase.dll
0x00007fff04000000 - 0x00007fff0429a000 	C:\WINDOWS\WinSxS\amd64_microsoft.windows.common-controls_6595b64144ccf1df_6.0.19041.844_none_ca00b6081b84eb1d\COMCTL32.dll
0x00007fff14c80000 - 0x00007fff14cb0000 	C:\WINDOWS\System32\IMM32.DLL
0x0000000051cc0000 - 0x0000000051d92000 	C:\Program Files\Java\jdk1.8.0_251\jre\bin\msvcr100.dll
0x0000000051da0000 - 0x000000005264b000 	C:\Program Files\Java\jdk1.8.0_251\jre\bin\server\jvm.dll
0x00007fff146b0000 - 0x00007fff146b8000 	C:\WINDOWS\System32\PSAPI.DLL
0x00007ffefee90000 - 0x00007ffefee99000 	C:\WINDOWS\SYSTEM32\WSOCK32.dll
0x00007fff14c10000 - 0x00007fff14c7b000 	C:\WINDOWS\System32\WS2_32.dll
0x00007fff069a0000 - 0x00007fff069aa000 	C:\WINDOWS\SYSTEM32\VERSION.dll
0x00007fff06000000 - 0x00007fff06027000 	C:\WINDOWS\SYSTEM32\WINMM.dll
0x00007fff10eb0000 - 0x00007fff10ebf000 	C:\Program Files\Java\jdk1.8.0_251\jre\bin\verify.dll
0x00007fff04ca0000 - 0x00007fff04cc9000 	C:\Program Files\Java\jdk1.8.0_251\jre\bin\java.dll
0x00007fff10e90000 - 0x00007fff10ea6000 	C:\Program Files\Java\jdk1.8.0_251\jre\bin\zip.dll
0x00007fff14de0000 - 0x00007fff15522000 	C:\WINDOWS\System32\SHELL32.dll
0x00007fff11a00000 - 0x00007fff12190000 	C:\WINDOWS\SYSTEM32\windows.storage.dll
0x00007fff15d40000 - 0x00007fff16095000 	C:\WINDOWS\System32\combase.dll
0x00007fff136e0000 - 0x00007fff1370c000 	C:\WINDOWS\SYSTEM32\Wldp.dll
0x00007fff146c0000 - 0x00007fff1476e000 	C:\WINDOWS\System32\SHCORE.dll
0x00007fff14bb0000 - 0x00007fff14c05000 	C:\WINDOWS\System32\shlwapi.dll
0x00007fff13bb0000 - 0x00007fff13bcf000 	C:\WINDOWS\SYSTEM32\profapi.dll
0x00007ffee0850000 - 0x00007ffee09ea000 	C:\Program Files\Java\jdk1.8.0_251\jre\bin\awt.dll
0x00007fff14a50000 - 0x00007fff14b1d000 	C:\WINDOWS\System32\OLEAUT32.dll
0x00007fff11230000 - 0x00007fff112c0000 	C:\WINDOWS\SYSTEM32\apphelp.dll
0x00007fff11530000 - 0x00007fff1155f000 	C:\WINDOWS\system32\DWMAPI.DLL
0x00007fff11360000 - 0x00007fff113fe000 	C:\WINDOWS\system32\uxtheme.dll
0x00007ffefde10000 - 0x00007ffefdf36000 	C:\WINDOWS\system32\opengl32.dll
0x00007ffefdb80000 - 0x00007ffefdbac000 	C:\WINDOWS\SYSTEM32\GLU32.dll
0x00007fff14590000 - 0x00007fff146a5000 	C:\WINDOWS\System32\MSCTF.dll
0x00007fff14cb0000 - 0x00007fff14dda000 	C:\WINDOWS\System32\ole32.dll
0x00007fff129a0000 - 0x00007fff129b2000 	C:\WINDOWS\SYSTEM32\kernel.appcore.dll
0x00007fff14440000 - 0x00007fff144c0000 	C:\WINDOWS\System32\bcryptPrimitives.dll
0x00007ffefcd20000 - 0x00007ffefcd69000 	C:\Program Files\Java\jdk1.8.0_251\jre\bin\fontmanager.dll
0x00007fff156e0000 - 0x00007fff15789000 	C:\WINDOWS\System32\clbcatq.dll
0x00007fff0e030000 - 0x00007fff0e1e4000 	C:\WINDOWS\SYSTEM32\WindowsCodecs.dll
0x00007fff144c0000 - 0x00007fff144e7000 	C:\WINDOWS\System32\bcrypt.dll
0x00007fff03370000 - 0x00007fff033ae000 	C:\WINDOWS\system32\dataexchange.dll
0x00007fff0fc60000 - 0x00007fff0fec4000 	C:\WINDOWS\system32\d3d11.dll
0x00007fff10bf0000 - 0x00007fff10dd7000 	C:\WINDOWS\system32\dcomp.dll
0x00007fff12670000 - 0x00007fff12763000 	C:\WINDOWS\system32\dxgi.dll
0x00007fff0e4d0000 - 0x00007fff0e6d1000 	C:\WINDOWS\system32\twinapi.appcore.dll
0x00007fff03350000 - 0x00007fff0336a000 	C:\Program Files\Java\jdk1.8.0_251\jre\bin\net.dll
0x00007fff13390000 - 0x00007fff133fa000 	C:\WINDOWS\system32\mswsock.dll
0x00007fff032f0000 - 0x00007fff03302000 	C:\Program Files\Java\jdk1.8.0_251\jre\bin\nio.dll
0x00007ffef21c0000 - 0x00007ffef2202000 	C:\Program Files\Java\jdk1.8.0_251\jre\bin\t2k.dll
0x00007fff05360000 - 0x00007fff0545b000 	C:\WINDOWS\SYSTEM32\textinputframework.dll
0x00007fff10f80000 - 0x00007fff11072000 	C:\WINDOWS\System32\CoreMessaging.dll
0x00007fff10850000 - 0x00007fff10bae000 	C:\WINDOWS\System32\CoreUIComponents.dll
0x00007fff129c0000 - 0x00007fff129f3000 	C:\WINDOWS\SYSTEM32\ntmarta.dll
0x00007fff0f830000 - 0x00007fff0f984000 	C:\WINDOWS\SYSTEM32\wintypes.dll

VM Arguments:
jvm_args: -Dfile.encoding=UTF-8 
java_command: NewClass
java_class_path (initial): C:\Users\User\OneDrive\Documents\NetBeansProjects\J2.S.P0002\build\classes
Launcher Type: SUN_STANDARD

Environment Variables:
PATH=C:\Program Files (x86)\Common Files\Oracle\Java\javapath;C:\WINDOWS\system32;C:\WINDOWS;C:\WINDOWS\System32\Wbem;C:\WINDOWS\System32\WindowsPowerShell\v1.0\;C:\WINDOWS\System32\OpenSSH\;C:\Program Files (x86)\Intel\Intel(R) Management Engine Components\DAL;C:\Program Files\Intel\Intel(R) Management Engine Components\DAL;C:\Program Files\Intel\WiFi\bin\;C:\Program Files\Common Files\Intel\WirelessCommon\;E:\CSI101\wamp64\bin\php\php5.6.40;C:\ProgramData\ComposerSetup\bin;C:\wamp\bin\php\php7.4.0;C:\Program Files\Microsoft SQL Server\Client SDK\ODBC\170\Tools\Binn\;C:\Program Files (x86)\Microsoft SQL Server\150\Tools\Binn\;C:\Program Files\Microsoft SQL Server\150\Tools\Binn\;C:\Program Files\Microsoft SQL Server\150\DTS\Binn\;C:\Program Files (x86)\Microsoft SQL Server\150\DTS\Binn\;C:\Program Files (x86)\Common Files\Oracle\Java\javapath;C:\WINDOWS\system32;C:\WINDOWS;C:\WINDOWS\System32\Wbem;C:\WINDOWS\System32\WindowsPowerShell\v1.0\;C:\WINDOWS\System32\OpenSSH\;C:\Program Files (x86)\Intel\Intel(R) Management Engine Components\DAL;C:\Program Files\Intel\Intel(R) Management Engine Components\DAL;C:\Program Files\Intel\WiFi\bin\;C:\Program Files\Common Files\Intel\WirelessCommon\;E:\CSI101\wamp64\bin\php\php5.6.40;C:\ProgramData\ComposerSetup\bin;C:\wamp\bin\php\php7.4.0;C:\Program Files\Microsoft SQL Server\Client SDK\ODBC\170\Tools\Binn\;C:\Program Files (x86)\Microsoft SQL Server\150\Tools\Binn\;C:\Program Files\Microsoft SQL Server\150\Tools\Binn\;C:\Program Files\Microsoft SQL Server\150\DTS\Binn\;C:\Program Files (x86)\Microsoft SQL Server\150\DTS\Binn\;C:\Python34\Scripts;C:\Users\User\AppData\Local\Programs\Microsoft VS Code\bin;C:\Users\User\AppData\Local\Programs\Python\Python39\Scripts;
USERNAME=User
OS=Windows_NT
PROCESSOR_IDENTIFIER=Intel64 Family 6 Model 142 Stepping 10, GenuineIntel



---------------  S Y S T E M  ---------------

OS: Windows 10.0 , 64 bit Build 19041 (10.0.19041.804)

CPU:total 8 (initial active 8) (4 cores per cpu, 2 threads per core) family 6 model 142 stepping 10, cmov, cx8, fxsr, mmx, sse, sse2, sse3, ssse3, sse4.1, sse4.2, popcnt, avx, avx2, aes, clmul, erms, 3dnowpref, lzcnt, ht, tsc, tscinvbit, bmi1, bmi2, adx

Memory: 4k page, physical 8250432k(3120644k free), swap 33416256k(5128k free)

vm_info: Java HotSpot(TM) 64-Bit Server VM (25.251-b08) for windows-amd64 JRE (1.8.0_251-b08), built on Mar 12 2020 06:31:49 by "" with MS VC++ 10.0 (VS2010)

time: Mon Apr 12 23:29:44 2021
timezone: SE Asia Standard Time
elapsed time: 10 seconds (0d 0h 0m 10s)

